[
    {
        "filename": "SecretsTest/config.py",
        "line_number": 21,
        "inline_index": 18,
        "type": "Base64 High Entropy String",
        "secret_hash": "87985cc2d6df153a0e92fef510121fa51cf4a6b6",
        "secret_value": "AIzaSyBUPHAjZl3n8Eza66ka6B78iVyPteC5MgM",
        "is_verified": false,
        "code_snipppet": {
            "start_line_number": 16,
            "target_line_index": 5,
            "lines": [
                "## GCP Credentials\n",
                "GCP_PRIVATE_KEY_ID = 'c4c474d61701fd6fd4191883b8fea9a8411bf771'\n",
                "GCP_PRIVATE_KEY = '-----BEGIN PRIVATE KEY-----\\nMIIEvQIBADANBgkqhkiG9w0BAQEFAASCBKcwggSjAgEAAoIBAQChoGF4j4AUnAfj\\nbVGP/tSJqAyeYiZfOf4UCwd9+B/2oej3rsiuZmx506kuWVN4Jhg8UocLn5l/OfqU\\n2MyV3Mq5VjtGQjYWF7a/Y04yEMRWf+spiJp1iYGS1vTOVjuyYyMa9h+8sbDiBFAD\\nBcZejB4FQHxstFtmlnehf7cieMLTa3Wezv8LX8pH0q+pEynuvusQkhe8uPmjUsuo\\nWG5W5CgVchQVzQf9eB5xtyt85t6VozMvAEI4h+WwZRdn+EWrQi+z8A8vXF7iUDmu\\n2lpypLExcZBrZINMh8ecs8B34JNIYzO4Hod7RB4IwXN8PG/5RHlb7qQbzXSxir2B\\n17gPPf8JAgMBAAECggEAHbkdG7sGIqQkJjypInpKc0tKkMj7hgkn8t8pYE7kb+qM\\nKZqE0N/IpKnaY8ntGfwlelhx+d7+r0FGFh/9lbTOOkHDslLEWBFB3BYC4B2pwb+S\\nC2gSAboJMGwkBpsgrNhi8RcgtIaYASSqYzfpaGNLtQsMJsCPS4Ex3GscjnQXXiJK\\n5MExF8VYZVvT8Hq2lvECUpFMTWwM2o/QndwjLrEq/vRI3n7PmweXZGKgLuyOjpWk\\ny80qa/IUlB6xO4XHvjnaEGxRq1LSF8hgEGU2Nmd8GDRT5ZLkSk+TMtqPrEbHEi6n\\n4pZGndX0XmttWkKcUX/NwB/WZC5ROEsUl8Fyw+T5RQKBgQDMfgFB6Xx+Na2iB33w\\nkhzNxo4HPCJzxeAB0zCRpfDpM1GtqK6JsIxvrci5lDAKaP8TQTr/gQxXpbJjE1Dl\\n3VWGzFbW4czSw+AqBFl1he20RZhGjATcDCCzSOyEiRhqoJwTPTvqcXRK8NbKGfJR\\nV6b4Auw+McNhnEUyfrZzguV93QKBgQDKVlLPhb4O84mINKFK73QFf2xlns0IHI0m\\nWqNvY7HxJP9WUH5FgX4r/cO6aIafg+u5j0gNPDd2JD67htnY85EH/n5KNhb9ytsN\\n+hkDeidFvdOrD+h9YFHkNoNy3XHwrQ0mtYRj2FBWhhpBsVlHVO2KcLe0TvivinN2\\nfIac2uZhHQKBgAYE23KeNbzdRZwUTl+rXU+tPXb3DSiNNXe4SKCw2rNygD/1TBXf\\nbXLIEbVsqDFWP9PIQr1Mhhl6VhLWebYaWq8aCqBOiyHVBB8Ye62a4JFCzyWcb3Qu\\nozPDvLp18pMI4S8ryTywVDT0e839D4XXZ6G7LEr0WgTgfaTr1+D0hF69AoGBAKIQ\\nxKGeAV6eaOGlLjAEXgztRFic+qLto409+jyFQQji1nY/YPSxROtdhkGv6WypUM0/\\nW7nmKpJBc9HmsGUaqmcZy/QLIR1FN3IZiaGEXSJ6aqlQw6pw1QcTNvRxNQtOwQLp\\nT1Jd9/Nl1HAb6mO9PcqugCY3Pu/z2InmMjg/CVptAoGAMpwMsoen4xEHv4uGZVt8\\n8wlvQ2fYnso4wgRSYAkjh8cOHjB85eazlSAsaJvmQ9D1rV086Re5zKxKjrjQWdaT\\nRMyIZJMJYZr6c8RKmabOfO1oc5urDdETQjGi3qXJuiu86wp7IoBINdmBEPRl6+m3\\nGqJA6hgV5niKAq4sJtv9EW4=\\n-----END PRIVATE KEY-----\\n'\n",
                "\n",
                "## Google API Key\n",
                "GOOGLE_API_KEY = 'AIzaSyBUPHAjZl3n8Eza66ka6B78iVyPteC5MgM'"
            ]
        }
    },
    {
        "filename": "SecretsTest/config.py",
        "line_number": 10,
        "inline_index": 0,
        "type": "AWS Access Key",
        "secret_hash": "03ff022cd0c14ae5471a6626f6201bfc0cf7a9f2",
        "secret_value": "AWS_ACCESS_SECRET_KEY = 'UpUbsQANRHLf2uuQ7QOlNXPbbtV5fmseW/GgT5D/'",
        "is_verified": false,
        "code_snipppet": {
            "start_line_number": 5,
            "target_line_index": 5,
            "lines": [
                "# AWS\n",
                "## AWS Access Key ID\n",
                "AWS_ACCESS_KEY_ID = 'AKIAIWSXFHRM7F6Z3NWQ'\n",
                "\n",
                "## AWS Secret Access Key\n",
                "AWS_ACCESS_SECRET_KEY = 'UpUbsQANRHLf2uuQ7QOlNXPbbtV5fmseW/GgT5D/'\n",
                "\n",
                "## AWS MWS Auth Token\n",
                "MWS_AUTH_TOKEN = 'amzn.mws.f90f3ce6-9b5a-26a7-9a87-4ff8052be2ec'\n",
                "\n",
                "# Google\n"
            ]
        }
    },
    {
        "filename": "SecretsTest/config.py",
        "line_number": 10,
        "inline_index": 25,
        "type": "Base64 High Entropy String",
        "secret_hash": "2ef5b0c567d9400ee5f9a86f3af3f512db7b689f",
        "secret_value": "UpUbsQANRHLf2uuQ7QOlNXPbbtV5fmseW/GgT5D/",
        "is_verified": false,
        "code_snipppet": {
            "start_line_number": 5,
            "target_line_index": 5,
            "lines": [
                "# AWS\n",
                "## AWS Access Key ID\n",
                "AWS_ACCESS_KEY_ID = 'AKIAIWSXFHRM7F6Z3NWQ'\n",
                "\n",
                "## AWS Secret Access Key\n",
                "AWS_ACCESS_SECRET_KEY = 'UpUbsQANRHLf2uuQ7QOlNXPbbtV5fmseW/GgT5D/'\n",
                "\n",
                "## AWS MWS Auth Token\n",
                "MWS_AUTH_TOKEN = 'amzn.mws.f90f3ce6-9b5a-26a7-9a87-4ff8052be2ec'\n",
                "\n",
                "# Google\n"
            ]
        }
    },
    {
        "filename": "SecretsTest/config.py",
        "line_number": 10,
        "inline_index": 25,
        "type": "Secret Keyword",
        "secret_hash": "2ef5b0c567d9400ee5f9a86f3af3f512db7b689f",
        "secret_value": "UpUbsQANRHLf2uuQ7QOlNXPbbtV5fmseW/GgT5D/",
        "is_verified": false,
        "code_snipppet": {
            "start_line_number": 5,
            "target_line_index": 5,
            "lines": [
                "# AWS\n",
                "## AWS Access Key ID\n",
                "AWS_ACCESS_KEY_ID = 'AKIAIWSXFHRM7F6Z3NWQ'\n",
                "\n",
                "## AWS Secret Access Key\n",
                "AWS_ACCESS_SECRET_KEY = 'UpUbsQANRHLf2uuQ7QOlNXPbbtV5fmseW/GgT5D/'\n",
                "\n",
                "## AWS MWS Auth Token\n",
                "MWS_AUTH_TOKEN = 'amzn.mws.f90f3ce6-9b5a-26a7-9a87-4ff8052be2ec'\n",
                "\n",
                "# Google\n"
            ]
        }
    },
    {
        "filename": "SecretsTest/config.py",
        "line_number": 17,
        "inline_index": 22,
        "type": "Hex High Entropy String",
        "secret_hash": "1bd83cde6557c4120194c4c6029a7879d850e05b",
        "secret_value": "c4c474d61701fd6fd4191883b8fea9a8411bf771",
        "is_verified": false,
        "code_snipppet": {
            "start_line_number": 12,
            "target_line_index": 5,
            "lines": [
                "## AWS MWS Auth Token\n",
                "MWS_AUTH_TOKEN = 'amzn.mws.f90f3ce6-9b5a-26a7-9a87-4ff8052be2ec'\n",
                "\n",
                "# Google\n",
                "## GCP Credentials\n",
                "GCP_PRIVATE_KEY_ID = 'c4c474d61701fd6fd4191883b8fea9a8411bf771'\n",
                "GCP_PRIVATE_KEY = '-----BEGIN PRIVATE KEY-----\\nMIIEvQIBADANBgkqhkiG9w0BAQEFAASCBKcwggSjAgEAAoIBAQChoGF4j4AUnAfj\\nbVGP/tSJqAyeYiZfOf4UCwd9+B/2oej3rsiuZmx506kuWVN4Jhg8UocLn5l/OfqU\\n2MyV3Mq5VjtGQjYWF7a/Y04yEMRWf+spiJp1iYGS1vTOVjuyYyMa9h+8sbDiBFAD\\nBcZejB4FQHxstFtmlnehf7cieMLTa3Wezv8LX8pH0q+pEynuvusQkhe8uPmjUsuo\\nWG5W5CgVchQVzQf9eB5xtyt85t6VozMvAEI4h+WwZRdn+EWrQi+z8A8vXF7iUDmu\\n2lpypLExcZBrZINMh8ecs8B34JNIYzO4Hod7RB4IwXN8PG/5RHlb7qQbzXSxir2B\\n17gPPf8JAgMBAAECggEAHbkdG7sGIqQkJjypInpKc0tKkMj7hgkn8t8pYE7kb+qM\\nKZqE0N/IpKnaY8ntGfwlelhx+d7+r0FGFh/9lbTOOkHDslLEWBFB3BYC4B2pwb+S\\nC2gSAboJMGwkBpsgrNhi8RcgtIaYASSqYzfpaGNLtQsMJsCPS4Ex3GscjnQXXiJK\\n5MExF8VYZVvT8Hq2lvECUpFMTWwM2o/QndwjLrEq/vRI3n7PmweXZGKgLuyOjpWk\\ny80qa/IUlB6xO4XHvjnaEGxRq1LSF8hgEGU2Nmd8GDRT5ZLkSk+TMtqPrEbHEi6n\\n4pZGndX0XmttWkKcUX/NwB/WZC5ROEsUl8Fyw+T5RQKBgQDMfgFB6Xx+Na2iB33w\\nkhzNxo4HPCJzxeAB0zCRpfDpM1GtqK6JsIxvrci5lDAKaP8TQTr/gQxXpbJjE1Dl\\n3VWGzFbW4czSw+AqBFl1he20RZhGjATcDCCzSOyEiRhqoJwTPTvqcXRK8NbKGfJR\\nV6b4Auw+McNhnEUyfrZzguV93QKBgQDKVlLPhb4O84mINKFK73QFf2xlns0IHI0m\\nWqNvY7HxJP9WUH5FgX4r/cO6aIafg+u5j0gNPDd2JD67htnY85EH/n5KNhb9ytsN\\n+hkDeidFvdOrD+h9YFHkNoNy3XHwrQ0mtYRj2FBWhhpBsVlHVO2KcLe0TvivinN2\\nfIac2uZhHQKBgAYE23KeNbzdRZwUTl+rXU+tPXb3DSiNNXe4SKCw2rNygD/1TBXf\\nbXLIEbVsqDFWP9PIQr1Mhhl6VhLWebYaWq8aCqBOiyHVBB8Ye62a4JFCzyWcb3Qu\\nozPDvLp18pMI4S8ryTywVDT0e839D4XXZ6G7LEr0WgTgfaTr1+D0hF69AoGBAKIQ\\nxKGeAV6eaOGlLjAEXgztRFic+qLto409+jyFQQji1nY/YPSxROtdhkGv6WypUM0/\\nW7nmKpJBc9HmsGUaqmcZy/QLIR1FN3IZiaGEXSJ6aqlQw6pw1QcTNvRxNQtOwQLp\\nT1Jd9/Nl1HAb6mO9PcqugCY3Pu/z2InmMjg/CVptAoGAMpwMsoen4xEHv4uGZVt8\\n8wlvQ2fYnso4wgRSYAkjh8cOHjB85eazlSAsaJvmQ9D1rV086Re5zKxKjrjQWdaT\\nRMyIZJMJYZr6c8RKmabOfO1oc5urDdETQjGi3qXJuiu86wp7IoBINdmBEPRl6+m3\\nGqJA6hgV5niKAq4sJtv9EW4=\\n-----END PRIVATE KEY-----\\n'\n",
                "\n",
                "## Google API Key\n",
                "GOOGLE_API_KEY = 'AIzaSyBUPHAjZl3n8Eza66ka6B78iVyPteC5MgM'"
            ]
        }
    },
    {
        "filename": "SecretsTest/config.py",
        "line_number": 18,
        "inline_index": 24,
        "type": "Private Key",
        "secret_hash": "1348b145fa1a555461c1b790a2f66614781091e9",
        "secret_value": "BEGIN PRIVATE KEY",
        "is_verified": false,
        "code_snipppet": {
            "start_line_number": 13,
            "target_line_index": 5,
            "lines": [
                "MWS_AUTH_TOKEN = 'amzn.mws.f90f3ce6-9b5a-26a7-9a87-4ff8052be2ec'\n",
                "\n",
                "# Google\n",
                "## GCP Credentials\n",
                "GCP_PRIVATE_KEY_ID = 'c4c474d61701fd6fd4191883b8fea9a8411bf771'\n",
                "GCP_PRIVATE_KEY = '-----BEGIN PRIVATE KEY-----\\nMIIEvQIBADANBgkqhkiG9w0BAQEFAASCBKcwggSjAgEAAoIBAQChoGF4j4AUnAfj\\nbVGP/tSJqAyeYiZfOf4UCwd9+B/2oej3rsiuZmx506kuWVN4Jhg8UocLn5l/OfqU\\n2MyV3Mq5VjtGQjYWF7a/Y04yEMRWf+spiJp1iYGS1vTOVjuyYyMa9h+8sbDiBFAD\\nBcZejB4FQHxstFtmlnehf7cieMLTa3Wezv8LX8pH0q+pEynuvusQkhe8uPmjUsuo\\nWG5W5CgVchQVzQf9eB5xtyt85t6VozMvAEI4h+WwZRdn+EWrQi+z8A8vXF7iUDmu\\n2lpypLExcZBrZINMh8ecs8B34JNIYzO4Hod7RB4IwXN8PG/5RHlb7qQbzXSxir2B\\n17gPPf8JAgMBAAECggEAHbkdG7sGIqQkJjypInpKc0tKkMj7hgkn8t8pYE7kb+qM\\nKZqE0N/IpKnaY8ntGfwlelhx+d7+r0FGFh/9lbTOOkHDslLEWBFB3BYC4B2pwb+S\\nC2gSAboJMGwkBpsgrNhi8RcgtIaYASSqYzfpaGNLtQsMJsCPS4Ex3GscjnQXXiJK\\n5MExF8VYZVvT8Hq2lvECUpFMTWwM2o/QndwjLrEq/vRI3n7PmweXZGKgLuyOjpWk\\ny80qa/IUlB6xO4XHvjnaEGxRq1LSF8hgEGU2Nmd8GDRT5ZLkSk+TMtqPrEbHEi6n\\n4pZGndX0XmttWkKcUX/NwB/WZC5ROEsUl8Fyw+T5RQKBgQDMfgFB6Xx+Na2iB33w\\nkhzNxo4HPCJzxeAB0zCRpfDpM1GtqK6JsIxvrci5lDAKaP8TQTr/gQxXpbJjE1Dl\\n3VWGzFbW4czSw+AqBFl1he20RZhGjATcDCCzSOyEiRhqoJwTPTvqcXRK8NbKGfJR\\nV6b4Auw+McNhnEUyfrZzguV93QKBgQDKVlLPhb4O84mINKFK73QFf2xlns0IHI0m\\nWqNvY7HxJP9WUH5FgX4r/cO6aIafg+u5j0gNPDd2JD67htnY85EH/n5KNhb9ytsN\\n+hkDeidFvdOrD+h9YFHkNoNy3XHwrQ0mtYRj2FBWhhpBsVlHVO2KcLe0TvivinN2\\nfIac2uZhHQKBgAYE23KeNbzdRZwUTl+rXU+tPXb3DSiNNXe4SKCw2rNygD/1TBXf\\nbXLIEbVsqDFWP9PIQr1Mhhl6VhLWebYaWq8aCqBOiyHVBB8Ye62a4JFCzyWcb3Qu\\nozPDvLp18pMI4S8ryTywVDT0e839D4XXZ6G7LEr0WgTgfaTr1+D0hF69AoGBAKIQ\\nxKGeAV6eaOGlLjAEXgztRFic+qLto409+jyFQQji1nY/YPSxROtdhkGv6WypUM0/\\nW7nmKpJBc9HmsGUaqmcZy/QLIR1FN3IZiaGEXSJ6aqlQw6pw1QcTNvRxNQtOwQLp\\nT1Jd9/Nl1HAb6mO9PcqugCY3Pu/z2InmMjg/CVptAoGAMpwMsoen4xEHv4uGZVt8\\n8wlvQ2fYnso4wgRSYAkjh8cOHjB85eazlSAsaJvmQ9D1rV086Re5zKxKjrjQWdaT\\nRMyIZJMJYZr6c8RKmabOfO1oc5urDdETQjGi3qXJuiu86wp7IoBINdmBEPRl6+m3\\nGqJA6hgV5niKAq4sJtv9EW4=\\n-----END PRIVATE KEY-----\\n'\n",
                "\n",
                "## Google API Key\n",
                "GOOGLE_API_KEY = 'AIzaSyBUPHAjZl3n8Eza66ka6B78iVyPteC5MgM'"
            ]
        }
    },
    {
        "filename": "SecretsTest/config.py",
        "line_number": 17,
        "inline_index": 22,
        "type": "Secret Keyword",
        "secret_hash": "1bd83cde6557c4120194c4c6029a7879d850e05b",
        "secret_value": "c4c474d61701fd6fd4191883b8fea9a8411bf771",
        "is_verified": false,
        "code_snipppet": {
            "start_line_number": 12,
            "target_line_index": 5,
            "lines": [
                "## AWS MWS Auth Token\n",
                "MWS_AUTH_TOKEN = 'amzn.mws.f90f3ce6-9b5a-26a7-9a87-4ff8052be2ec'\n",
                "\n",
                "# Google\n",
                "## GCP Credentials\n",
                "GCP_PRIVATE_KEY_ID = 'c4c474d61701fd6fd4191883b8fea9a8411bf771'\n",
                "GCP_PRIVATE_KEY = '-----BEGIN PRIVATE KEY-----\\nMIIEvQIBADANBgkqhkiG9w0BAQEFAASCBKcwggSjAgEAAoIBAQChoGF4j4AUnAfj\\nbVGP/tSJqAyeYiZfOf4UCwd9+B/2oej3rsiuZmx506kuWVN4Jhg8UocLn5l/OfqU\\n2MyV3Mq5VjtGQjYWF7a/Y04yEMRWf+spiJp1iYGS1vTOVjuyYyMa9h+8sbDiBFAD\\nBcZejB4FQHxstFtmlnehf7cieMLTa3Wezv8LX8pH0q+pEynuvusQkhe8uPmjUsuo\\nWG5W5CgVchQVzQf9eB5xtyt85t6VozMvAEI4h+WwZRdn+EWrQi+z8A8vXF7iUDmu\\n2lpypLExcZBrZINMh8ecs8B34JNIYzO4Hod7RB4IwXN8PG/5RHlb7qQbzXSxir2B\\n17gPPf8JAgMBAAECggEAHbkdG7sGIqQkJjypInpKc0tKkMj7hgkn8t8pYE7kb+qM\\nKZqE0N/IpKnaY8ntGfwlelhx+d7+r0FGFh/9lbTOOkHDslLEWBFB3BYC4B2pwb+S\\nC2gSAboJMGwkBpsgrNhi8RcgtIaYASSqYzfpaGNLtQsMJsCPS4Ex3GscjnQXXiJK\\n5MExF8VYZVvT8Hq2lvECUpFMTWwM2o/QndwjLrEq/vRI3n7PmweXZGKgLuyOjpWk\\ny80qa/IUlB6xO4XHvjnaEGxRq1LSF8hgEGU2Nmd8GDRT5ZLkSk+TMtqPrEbHEi6n\\n4pZGndX0XmttWkKcUX/NwB/WZC5ROEsUl8Fyw+T5RQKBgQDMfgFB6Xx+Na2iB33w\\nkhzNxo4HPCJzxeAB0zCRpfDpM1GtqK6JsIxvrci5lDAKaP8TQTr/gQxXpbJjE1Dl\\n3VWGzFbW4czSw+AqBFl1he20RZhGjATcDCCzSOyEiRhqoJwTPTvqcXRK8NbKGfJR\\nV6b4Auw+McNhnEUyfrZzguV93QKBgQDKVlLPhb4O84mINKFK73QFf2xlns0IHI0m\\nWqNvY7HxJP9WUH5FgX4r/cO6aIafg+u5j0gNPDd2JD67htnY85EH/n5KNhb9ytsN\\n+hkDeidFvdOrD+h9YFHkNoNy3XHwrQ0mtYRj2FBWhhpBsVlHVO2KcLe0TvivinN2\\nfIac2uZhHQKBgAYE23KeNbzdRZwUTl+rXU+tPXb3DSiNNXe4SKCw2rNygD/1TBXf\\nbXLIEbVsqDFWP9PIQr1Mhhl6VhLWebYaWq8aCqBOiyHVBB8Ye62a4JFCzyWcb3Qu\\nozPDvLp18pMI4S8ryTywVDT0e839D4XXZ6G7LEr0WgTgfaTr1+D0hF69AoGBAKIQ\\nxKGeAV6eaOGlLjAEXgztRFic+qLto409+jyFQQji1nY/YPSxROtdhkGv6WypUM0/\\nW7nmKpJBc9HmsGUaqmcZy/QLIR1FN3IZiaGEXSJ6aqlQw6pw1QcTNvRxNQtOwQLp\\nT1Jd9/Nl1HAb6mO9PcqugCY3Pu/z2InmMjg/CVptAoGAMpwMsoen4xEHv4uGZVt8\\n8wlvQ2fYnso4wgRSYAkjh8cOHjB85eazlSAsaJvmQ9D1rV086Re5zKxKjrjQWdaT\\nRMyIZJMJYZr6c8RKmabOfO1oc5urDdETQjGi3qXJuiu86wp7IoBINdmBEPRl6+m3\\nGqJA6hgV5niKAq4sJtv9EW4=\\n-----END PRIVATE KEY-----\\n'\n",
                "\n",
                "## Google API Key\n",
                "GOOGLE_API_KEY = 'AIzaSyBUPHAjZl3n8Eza66ka6B78iVyPteC5MgM'"
            ]
        }
    },
    {
        "filename": "SecretsTest/config.py",
        "line_number": 7,
        "inline_index": 21,
        "type": "AWS Access Key",
        "secret_hash": "32eb44712d7af3b07dd317354d6835a6189ebd26",
        "secret_value": "AKIAIWSXFHRM7F6Z3NWQ",
        "is_verified": false,
        "code_snipppet": {
            "start_line_number": 2,
            "target_line_index": 5,
            "lines": [
                "\n",
                "'''Common Key Types with obvious names'''\n",
                "\n",
                "# AWS\n",
                "## AWS Access Key ID\n",
                "AWS_ACCESS_KEY_ID = 'AKIAIWSXFHRM7F6Z3NWQ'\n",
                "\n",
                "## AWS Secret Access Key\n",
                "AWS_ACCESS_SECRET_KEY = 'UpUbsQANRHLf2uuQ7QOlNXPbbtV5fmseW/GgT5D/'\n",
                "\n",
                "## AWS MWS Auth Token\n"
            ]
        }
    },
    {
        "filename": "SecretsTest/config.py",
        "line_number": 21,
        "inline_index": 18,
        "type": "Secret Keyword",
        "secret_hash": "87985cc2d6df153a0e92fef510121fa51cf4a6b6",
        "secret_value": "AIzaSyBUPHAjZl3n8Eza66ka6B78iVyPteC5MgM",
        "is_verified": false,
        "code_snipppet": {
            "start_line_number": 16,
            "target_line_index": 5,
            "lines": [
                "## GCP Credentials\n",
                "GCP_PRIVATE_KEY_ID = 'c4c474d61701fd6fd4191883b8fea9a8411bf771'\n",
                "GCP_PRIVATE_KEY = '-----BEGIN PRIVATE KEY-----\\nMIIEvQIBADANBgkqhkiG9w0BAQEFAASCBKcwggSjAgEAAoIBAQChoGF4j4AUnAfj\\nbVGP/tSJqAyeYiZfOf4UCwd9+B/2oej3rsiuZmx506kuWVN4Jhg8UocLn5l/OfqU\\n2MyV3Mq5VjtGQjYWF7a/Y04yEMRWf+spiJp1iYGS1vTOVjuyYyMa9h+8sbDiBFAD\\nBcZejB4FQHxstFtmlnehf7cieMLTa3Wezv8LX8pH0q+pEynuvusQkhe8uPmjUsuo\\nWG5W5CgVchQVzQf9eB5xtyt85t6VozMvAEI4h+WwZRdn+EWrQi+z8A8vXF7iUDmu\\n2lpypLExcZBrZINMh8ecs8B34JNIYzO4Hod7RB4IwXN8PG/5RHlb7qQbzXSxir2B\\n17gPPf8JAgMBAAECggEAHbkdG7sGIqQkJjypInpKc0tKkMj7hgkn8t8pYE7kb+qM\\nKZqE0N/IpKnaY8ntGfwlelhx+d7+r0FGFh/9lbTOOkHDslLEWBFB3BYC4B2pwb+S\\nC2gSAboJMGwkBpsgrNhi8RcgtIaYASSqYzfpaGNLtQsMJsCPS4Ex3GscjnQXXiJK\\n5MExF8VYZVvT8Hq2lvECUpFMTWwM2o/QndwjLrEq/vRI3n7PmweXZGKgLuyOjpWk\\ny80qa/IUlB6xO4XHvjnaEGxRq1LSF8hgEGU2Nmd8GDRT5ZLkSk+TMtqPrEbHEi6n\\n4pZGndX0XmttWkKcUX/NwB/WZC5ROEsUl8Fyw+T5RQKBgQDMfgFB6Xx+Na2iB33w\\nkhzNxo4HPCJzxeAB0zCRpfDpM1GtqK6JsIxvrci5lDAKaP8TQTr/gQxXpbJjE1Dl\\n3VWGzFbW4czSw+AqBFl1he20RZhGjATcDCCzSOyEiRhqoJwTPTvqcXRK8NbKGfJR\\nV6b4Auw+McNhnEUyfrZzguV93QKBgQDKVlLPhb4O84mINKFK73QFf2xlns0IHI0m\\nWqNvY7HxJP9WUH5FgX4r/cO6aIafg+u5j0gNPDd2JD67htnY85EH/n5KNhb9ytsN\\n+hkDeidFvdOrD+h9YFHkNoNy3XHwrQ0mtYRj2FBWhhpBsVlHVO2KcLe0TvivinN2\\nfIac2uZhHQKBgAYE23KeNbzdRZwUTl+rXU+tPXb3DSiNNXe4SKCw2rNygD/1TBXf\\nbXLIEbVsqDFWP9PIQr1Mhhl6VhLWebYaWq8aCqBOiyHVBB8Ye62a4JFCzyWcb3Qu\\nozPDvLp18pMI4S8ryTywVDT0e839D4XXZ6G7LEr0WgTgfaTr1+D0hF69AoGBAKIQ\\nxKGeAV6eaOGlLjAEXgztRFic+qLto409+jyFQQji1nY/YPSxROtdhkGv6WypUM0/\\nW7nmKpJBc9HmsGUaqmcZy/QLIR1FN3IZiaGEXSJ6aqlQw6pw1QcTNvRxNQtOwQLp\\nT1Jd9/Nl1HAb6mO9PcqugCY3Pu/z2InmMjg/CVptAoGAMpwMsoen4xEHv4uGZVt8\\n8wlvQ2fYnso4wgRSYAkjh8cOHjB85eazlSAsaJvmQ9D1rV086Re5zKxKjrjQWdaT\\nRMyIZJMJYZr6c8RKmabOfO1oc5urDdETQjGi3qXJuiu86wp7IoBINdmBEPRl6+m3\\nGqJA6hgV5niKAq4sJtv9EW4=\\n-----END PRIVATE KEY-----\\n'\n",
                "\n",
                "## Google API Key\n",
                "GOOGLE_API_KEY = 'AIzaSyBUPHAjZl3n8Eza66ka6B78iVyPteC5MgM'"
            ]
        }
    }
]